<?xml version="1.0" encoding="UTF-8"?>
<testsuite name="com.example.project.StudentTest" tests="9" skipped="0" failures="0" errors="0" timestamp="2025-10-15T17:42:46.868Z" hostname="codespaces-7192db" time="0.1">
  <properties/>
  <testcase name="testIsPassing()" classname="com.example.project.StudentTest" time="0.039"/>
  <testcase name="testMultipleStudentsAreIndependent()" classname="com.example.project.StudentTest" time="0.004"/>
  <testcase name="testGetLastName()" classname="com.example.project.StudentTest" time="0.002"/>
  <testcase name="testGetFirstName()" classname="com.example.project.StudentTest" time="0.003"/>
  <testcase name="testInitialTestScoreCountAndHighest()" classname="com.example.project.StudentTest" time="0.005"/>
  <testcase name="testSAddTestScore()" classname="com.example.project.StudentTest" time="0.006"/>
  <testcase name="testGetHighestTestScore()" classname="com.example.project.StudentTest" time="0.005"/>
  <testcase name="testSetGradYear()" classname="com.example.project.StudentTest" time="0.006"/>
  <testcase name="testAverageTestScore()" classname="com.example.project.StudentTest" time="0.005"/>
  <system-out><![CDATA[]]></system-out>
  <system-err><![CDATA[]]></system-err>
</testsuite>
